Command line:
   full_adder_imp_isim_beh.exe
     -simmode  gui
     -simrunnum  0
     -socket  53179

Wed Apr 15 15:08:04 2020


 Elaboration Time: 0.046875 sec

 Current Memory Usage: 5159.49 Meg

 Total Signals          : 10
 Total Nets             : 10
 Total Signal Drivers   : 6
 Total Blocks           : 2
 Total Primitive Blocks : 2
 Total Processes        : 6
 Total Traceable Variables  : 8
 Total Scalar Nets and Variables : 370
Total Line Count : 8

 Total Simulation Time: 0.0625 sec

 Current Memory Usage: 5159.49 Meg

Wed Apr 15 15:08:30 2020

