Command line:
   array_multiplier_tb_isim_beh.exe
     -simmode  gui
     -simrunnum  0
     -socket  58563

Sun Jun 14 10:37:04 2020


 Elaboration Time: 0.046875 sec

 Current Memory Usage: 5159.53 Meg

 Total Signals          : 4
 Total Nets             : 24
 Total Signal Drivers   : 4
 Total Blocks           : 2
 Total Primitive Blocks : 2
 Total Processes        : 4
 Total Traceable Variables  : 8
 Total Scalar Nets and Variables : 384
Total Line Count : 4

 Total Simulation Time: 0.046875 sec

 Current Memory Usage: 5159.53 Meg

Sun Jun 14 10:37:16 2020

